Start testing: Jul 30 00:34 +03
----------------------------------------------------------
3/9 Testing: cove-shell-native-qml
3/9 Test: cove-shell-native-qml
Command: "/home/arcady/Documents/cove/qt/build-qml-preview/cove_shell_qml_tests"
Directory: /home/arcady/Documents/cove/qt/build-qml-preview
"cove-shell-native-qml" start time: Jul 30 00:34 +03
Output:
----------------------------------------------------------
********* Start testing of NativeQmlTest *********
Config: Using QtTest library 6.11.1, Qt 6.11.1 (x86_64-little_endian-lp64 shared (dynamic) release build; by GCC 16.1.1 20260430), cachyos unknown
PASS   : NativeQmlTest::initTestCase()
PASS   : NativeQmlTest::allNativeDocumentsCompile()
PASS   : NativeQmlTest::mediaCardExposesActivationContract()
PASS   : NativeQmlTest::cleanupTestCase()
Totals: 4 passed, 0 failed, 0 skipped, 0 blacklisted, 64ms
********* Finished testing of NativeQmlTest *********
<end of output>
Test time =   0.12 sec
----------------------------------------------------------
Test Passed.
"cove-shell-native-qml" end time: Jul 30 00:34 +03
"cove-shell-native-qml" time elapsed: 00:00:00
----------------------------------------------------------

End testing: Jul 30 00:34 +03
